<?xml version="1.0" encoding="UTF-8"?>
<!-- Generated by org.testng.reporters.JUnitXMLReporter -->
<testsuite ignored="0" hostname="CHNMCT369326L" failures="0" tests="6" name="Default test" time="6.685" errors="0" timestamp="2020-11-27T14:27:02 IST">
  <testcase classname="Api.DevQAApplication" name="failed_validation" time="0.0"/>
  <testcase classname="Api.DevQAApplication" name="test_001_emp_greater_4lakhs" time="3.278"/>
  <testcase classname="Api.DevQAApplication" name="test_002_emp_greater_2lakhs" time="0.641"/>
  <testcase classname="Api.DevQAApplication" name="test_002_emp_greater_3lakhs" time="0.528"/>
  <testcase classname="Api.DevQAApplication" name="test_validation" time="2.18"/>
  <testcase classname="Api.DevQAApplication" name="test2" time="0.0"/>
</testsuite> <!-- Default test -->
