<?xml version="1.0" encoding="UTF-8"?>
<testng-results ignored="0" total="1" passed="1" failed="0" skipped="0">
  <reporter-output>
  </reporter-output>
  <suite started-at="2020-12-26T14:25:55 IST" name="Default suite" finished-at="2020-12-26T14:26:02 IST" duration-ms="7163">
    <groups>
    </groups>
    <test started-at="2020-12-26T14:25:55 IST" name="Default test" finished-at="2020-12-26T14:26:02 IST" duration-ms="7163">
      <class name="DevQAImplementations.DeleteCalls">
        <test-method is-config="true" signature="init()[pri:0, instance:DevQAImplementations.DeleteCalls@11eadcba]" started-at="2020-12-26T14:25:55 IST" name="init" finished-at="2020-12-26T14:25:55 IST" duration-ms="269" status="PASS">
          <reporter-output>
          </reporter-output>
        </test-method> <!-- init -->
        <test-method signature="deleteTest()[pri:0, instance:DevQAImplementations.DeleteCalls@11eadcba]" started-at="2020-12-26T14:25:55 IST" name="deleteTest" finished-at="2020-12-26T14:26:02 IST" duration-ms="7112" status="PASS">
          <reporter-output>
          </reporter-output>
        </test-method> <!-- deleteTest -->
        <test-method is-config="true" signature="teardown()[pri:0, instance:DevQAImplementations.DeleteCalls@11eadcba]" started-at="2020-12-26T14:26:02 IST" name="teardown" finished-at="2020-12-26T14:26:02 IST" duration-ms="8" status="PASS">
          <reporter-output>
          </reporter-output>
        </test-method> <!-- teardown -->
      </class> <!-- DevQAImplementations.DeleteCalls -->
    </test> <!-- Default test -->
  </suite> <!-- Default suite -->
</testng-results>
