<?xml version="1.0" encoding="UTF-8"?>
<testng-results ignored="0" total="6" passed="6" failed="0" skipped="0">
  <reporter-output>
  </reporter-output>
  <suite started-at="2020-11-27T14:26:56 IST" name="Default suite" finished-at="2020-11-27T14:27:02 IST" duration-ms="6685">
    <groups>
    </groups>
    <test started-at="2020-11-27T14:26:56 IST" name="Default test" finished-at="2020-11-27T14:27:02 IST" duration-ms="6685">
      <class name="Api.DevQAApplication">
        <test-method is-config="true" signature="init()[pri:0, instance:Api.DevQAApplication@5316e95f]" started-at="2020-11-27T14:26:55 IST" name="init" finished-at="2020-11-27T14:26:56 IST" duration-ms="188" status="PASS">
          <reporter-output>
          </reporter-output>
        </test-method> <!-- init -->
        <test-method signature="failed_validation()[pri:0, instance:Api.DevQAApplication@5316e95f]" started-at="2020-11-27T14:26:56 IST" name="failed_validation" finished-at="2020-11-27T14:26:56 IST" duration-ms="0" status="PASS">
          <reporter-output>
          </reporter-output>
        </test-method> <!-- failed_validation -->
        <test-method signature="test_001_emp_greater_4lakhs()[pri:0, instance:Api.DevQAApplication@5316e95f]" started-at="2020-11-27T14:26:56 IST" name="test_001_emp_greater_4lakhs" finished-at="2020-11-27T14:26:59 IST" duration-ms="3278" status="PASS">
          <reporter-output>
          </reporter-output>
        </test-method> <!-- test_001_emp_greater_4lakhs -->
        <test-method signature="test_002_emp_greater_2lakhs()[pri:0, instance:Api.DevQAApplication@5316e95f]" started-at="2020-11-27T14:26:59 IST" name="test_002_emp_greater_2lakhs" finished-at="2020-11-27T14:27:00 IST" duration-ms="641" status="PASS">
          <reporter-output>
          </reporter-output>
        </test-method> <!-- test_002_emp_greater_2lakhs -->
        <test-method signature="test_002_emp_greater_3lakhs()[pri:0, instance:Api.DevQAApplication@5316e95f]" started-at="2020-11-27T14:27:00 IST" name="test_002_emp_greater_3lakhs" finished-at="2020-11-27T14:27:00 IST" duration-ms="528" status="PASS">
          <reporter-output>
          </reporter-output>
        </test-method> <!-- test_002_emp_greater_3lakhs -->
        <test-method signature="test_validation()[pri:1, instance:Api.DevQAApplication@5316e95f]" started-at="2020-11-27T14:27:00 IST" name="test_validation" finished-at="2020-11-27T14:27:02 IST" duration-ms="2180" status="PASS">
          <reporter-output>
          </reporter-output>
        </test-method> <!-- test_validation -->
        <test-method signature="test2()[pri:2, instance:Api.DevQAApplication@5316e95f]" started-at="2020-11-27T14:27:02 IST" name="test2" finished-at="2020-11-27T14:27:02 IST" duration-ms="0" status="PASS">
          <reporter-output>
          </reporter-output>
        </test-method> <!-- test2 -->
        <test-method is-config="true" signature="teardown()[pri:0, instance:Api.DevQAApplication@5316e95f]" started-at="2020-11-27T14:27:02 IST" name="teardown" finished-at="2020-11-27T14:27:03 IST" duration-ms="391" status="PASS">
          <reporter-output>
          </reporter-output>
        </test-method> <!-- teardown -->
      </class> <!-- Api.DevQAApplication -->
    </test> <!-- Default test -->
  </suite> <!-- Default suite -->
</testng-results>
