<?xml version="1.0" encoding="UTF-8"?>
<testng-results ignored="8" total="9" passed="0" failed="1" skipped="0">
  <reporter-output>
  </reporter-output>
  <suite started-at="2020-12-15T16:12:13 IST" name="Default suite" finished-at="2020-12-15T16:12:13 IST" duration-ms="75">
    <groups>
    </groups>
    <test started-at="2020-12-15T16:12:13 IST" name="Default test" finished-at="2020-12-15T16:12:13 IST" duration-ms="75">
      <class name="Api.DevQAApplication">
        <test-method is-config="true" signature="init()[pri:0, instance:Api.DevQAApplication@f79a760]" started-at="2020-12-15T16:12:12 IST" name="init" finished-at="2020-12-15T16:12:13 IST" duration-ms="240" status="PASS">
          <reporter-output>
          </reporter-output>
        </test-method> <!-- init -->
        <test-method signature="deleteTest(int)[pri:0, instance:Api.DevQAApplication@f79a760]" started-at="2020-12-15T16:12:13 IST" name="deleteTest" data-provider="DeleteData" finished-at="2020-12-15T16:12:13 IST" duration-ms="30" status="FAIL">
          <exception class="org.testng.internal.reflect.MethodMatcherException">
            <message>
              <![CDATA[
[public void Api.DevQAApplication.deleteTest(int)] has no parameters defined but was found to be using a data provider (either explicitly specified or inherited from class level annotation).
Data provider mismatch
Method: deleteTest([Parameter{index=0, type=int, declaredAnnotations=[]}])
Arguments: [(java.lang.Double) 38.0]]]>
            </message>
            <full-stacktrace>
              <![CDATA[org.testng.internal.reflect.MethodMatcherException: 
[public void Api.DevQAApplication.deleteTest(int)] has no parameters defined but was found to be using a data provider (either explicitly specified or inherited from class level annotation).
Data provider mismatch
Method: deleteTest([Parameter{index=0, type=int, declaredAnnotations=[]}])
Arguments: [(java.lang.Double) 38.0]
at org.testng.internal.reflect.DataProviderMethodMatcher.getConformingArguments(DataProviderMethodMatcher.java:43)
at org.testng.internal.Parameters.injectParameters(Parameters.java:905)
at org.testng.internal.MethodRunner.runInSequence(MethodRunner.java:34)
at org.testng.internal.TestInvoker$MethodInvocationAgent.invoke(TestInvoker.java:821)
at org.testng.internal.TestInvoker.invokeTestMethods(TestInvoker.java:147)
at org.testng.internal.TestMethodWorker.invokeTestMethods(TestMethodWorker.java:146)
at org.testng.internal.TestMethodWorker.run(TestMethodWorker.java:128)
at java.base/java.util.ArrayList.forEach(ArrayList.java:1540)
at org.testng.TestRunner.privateRun(TestRunner.java:767)
at org.testng.TestRunner.run(TestRunner.java:588)
at org.testng.SuiteRunner.runTest(SuiteRunner.java:384)
at org.testng.SuiteRunner.runSequentially(SuiteRunner.java:378)
at org.testng.SuiteRunner.privateRun(SuiteRunner.java:337)
at org.testng.SuiteRunner.run(SuiteRunner.java:286)
at org.testng.SuiteRunnerWorker.runSuite(SuiteRunnerWorker.java:53)
at org.testng.SuiteRunnerWorker.run(SuiteRunnerWorker.java:96)
at org.testng.TestNG.runSuitesSequentially(TestNG.java:1214)
at org.testng.TestNG.runSuitesLocally(TestNG.java:1136)
at org.testng.TestNG.runSuites(TestNG.java:1066)
at org.testng.TestNG.run(TestNG.java:1034)
at org.testng.remote.AbstractRemoteTestNG.run(AbstractRemoteTestNG.java:115)
at org.testng.remote.RemoteTestNG.initAndRun(RemoteTestNG.java:251)
at org.testng.remote.RemoteTestNG.main(RemoteTestNG.java:77)
]]>
            </full-stacktrace>
          </exception> <!-- org.testng.internal.reflect.MethodMatcherException -->
          <reporter-output>
          </reporter-output>
        </test-method> <!-- deleteTest -->
        <test-method is-config="true" signature="teardown()[pri:0, instance:Api.DevQAApplication@f79a760]" started-at="2020-12-15T16:12:13 IST" name="teardown" finished-at="2020-12-15T16:12:13 IST" duration-ms="2" status="PASS">
          <reporter-output>
          </reporter-output>
        </test-method> <!-- teardown -->
      </class> <!-- Api.DevQAApplication -->
    </test> <!-- Default test -->
  </suite> <!-- Default suite -->
</testng-results>
